2022-03-20 11:31:26 INFO  .:69 - The execution of method loadFiles started here ...
2022-03-20 11:31:26 INFO  .:84 - The execution of method loadFiles ended here ...
2022-03-20 11:31:28 INFO  .:86 - The execution of method navigate started here ...
2022-03-20 11:31:35 INFO  .:98 - The execution of method navigate ended here ...
2022-03-20 11:31:35 INFO  .:166 - In Test Scenario Login the method navigate execution status is :Pass
2022-03-20 11:31:35 INFO  .:32 - The execution of method login started here ...
2022-03-20 11:31:41 INFO  .:50 - The execution of method login ended here ...
2022-03-20 11:31:41 INFO  .:166 - In Test Scenario Login the method login execution status is :Pass
2022-03-20 11:31:43 INFO  .:166 - In Test Scenario Login the method minimizeFlyOutWindow execution status is :Pass
2022-03-20 11:31:43 INFO  .:76 - The execution of method logout started here ...
2022-03-20 11:31:47 INFO  .:88 - The execution of method logout ended here ...
2022-03-20 11:31:47 INFO  .:166 - In Test Scenario Login the method logout execution status is :Pass
2022-03-20 11:31:47 INFO  .:121 - The execution of method closeApplication started here ...
2022-03-20 11:31:48 INFO  .:124 - The execution of method closeApplication ended here ...
2022-03-20 11:31:48 INFO  .:166 - In Test Scenario Login the method closeApplication execution status is :Pass
2022-03-20 11:31:48 INFO  .:180 - +++++++++++++++++++++++++++++++
2022-03-20 11:31:49 INFO  .:86 - The execution of method navigate started here ...
2022-03-20 11:31:55 INFO  .:98 - The execution of method navigate ended here ...
2022-03-20 11:31:55 INFO  .:166 - In Test Scenario CreateUser the method navigate execution status is :Pass
2022-03-20 11:31:55 INFO  .:32 - The execution of method login started here ...
2022-03-20 11:32:01 INFO  .:50 - The execution of method login ended here ...
2022-03-20 11:32:01 INFO  .:166 - In Test Scenario CreateUser the method login execution status is :Pass
2022-03-20 11:32:03 INFO  .:166 - In Test Scenario CreateUser the method minimizeFlyOutWindow execution status is :Pass
2022-03-20 11:32:03 INFO  .:32 - The execution of method createUser started here ...
2022-03-20 11:32:13 INFO  .:60 - The execution of method createUser ended here ...
2022-03-20 11:32:13 INFO  .:166 - In Test Scenario CreateUser the method createUser execution status is :Pass
2022-03-20 11:32:13 INFO  .:131 - The execution of method deleteUser started here ...
2022-03-20 11:32:23 INFO  .:147 - The execution of method deleteUser ended here ...
2022-03-20 11:32:23 INFO  .:166 - In Test Scenario CreateUser the method deleteUser execution status is :Pass
2022-03-20 11:32:23 INFO  .:76 - The execution of method logout started here ...
2022-03-20 11:32:27 INFO  .:88 - The execution of method logout ended here ...
2022-03-20 11:32:27 INFO  .:166 - In Test Scenario CreateUser the method logout execution status is :Pass
2022-03-20 11:32:27 INFO  .:121 - The execution of method closeApplication started here ...
2022-03-20 11:32:27 INFO  .:124 - The execution of method closeApplication ended here ...
2022-03-20 11:32:27 INFO  .:166 - In Test Scenario CreateUser the method closeApplication execution status is :Pass
2022-03-20 11:32:27 INFO  .:180 - +++++++++++++++++++++++++++++++
2022-03-20 11:32:28 INFO  .:86 - The execution of method navigate started here ...
2022-03-20 11:32:35 INFO  .:98 - The execution of method navigate ended here ...
2022-03-20 11:32:35 INFO  .:166 - In Test Scenario ModifyUser the method navigate execution status is :Pass
2022-03-20 11:32:35 INFO  .:32 - The execution of method login started here ...
2022-03-20 11:32:40 INFO  .:50 - The execution of method login ended here ...
2022-03-20 11:32:40 INFO  .:166 - In Test Scenario ModifyUser the method login execution status is :Pass
2022-03-20 11:32:42 INFO  .:166 - In Test Scenario ModifyUser the method minimizeFlyOutWindow execution status is :Pass
2022-03-20 11:32:42 INFO  .:32 - The execution of method createUser started here ...
2022-03-20 11:32:53 INFO  .:60 - The execution of method createUser ended here ...
2022-03-20 11:32:53 INFO  .:166 - In Test Scenario ModifyUser the method createUser execution status is :Pass
2022-03-20 11:32:53 INFO  .:86 - The execution of method modifyUser started here ...
2022-03-20 11:33:02 INFO  .:106 - The execution of method modifyUser ended here ...
2022-03-20 11:33:02 INFO  .:166 - In Test Scenario ModifyUser the method modifyUser execution status is :Fail
2022-03-20 11:33:02 INFO  .:131 - The execution of method deleteUser started here ...
2022-03-20 11:33:12 INFO  .:147 - The execution of method deleteUser ended here ...
2022-03-20 11:33:12 INFO  .:166 - In Test Scenario ModifyUser the method deleteUser execution status is :Pass
2022-03-20 11:33:12 INFO  .:76 - The execution of method logout started here ...
2022-03-20 11:33:16 INFO  .:88 - The execution of method logout ended here ...
2022-03-20 11:33:16 INFO  .:166 - In Test Scenario ModifyUser the method logout execution status is :Pass
2022-03-20 11:33:16 INFO  .:121 - The execution of method closeApplication started here ...
2022-03-20 11:33:16 INFO  .:124 - The execution of method closeApplication ended here ...
2022-03-20 11:33:16 INFO  .:166 - In Test Scenario ModifyUser the method closeApplication execution status is :Pass
2022-03-20 11:33:16 INFO  .:180 - +++++++++++++++++++++++++++++++
2022-03-20 11:33:16 INFO  .:180 - +++++++++++++++++++++++++++++++
2022-03-20 11:33:16 INFO  .:180 - +++++++++++++++++++++++++++++++
2022-03-20 11:33:16 INFO  .:180 - +++++++++++++++++++++++++++++++
2022-03-20 11:33:16 INFO  .:180 - +++++++++++++++++++++++++++++++
2022-03-20 11:33:16 INFO  .:183 - The execution of method executeTestScenarios ended here ...
2022-03-20 11:33:16 INFO  .:205 - The execution of method endAutomationSuite ended here ...
2022-03-20 11:33:16 INFO  .:208 - The execution of method endAutomationSuite ended here ...
2022-03-20 12:38:31 INFO  .:69 - The execution of method loadFiles started here ...
2022-03-20 12:38:31 INFO  .:84 - The execution of method loadFiles ended here ...
2022-03-20 12:38:35 INFO  .:86 - The execution of method navigate started here ...
2022-03-20 12:38:41 INFO  .:98 - The execution of method navigate ended here ...
2022-03-20 12:38:41 INFO  .:166 - In Test Scenario Login the method navigate execution status is :Pass
2022-03-20 12:38:41 INFO  .:32 - The execution of method login started here ...
2022-03-20 12:38:47 INFO  .:50 - The execution of method login ended here ...
2022-03-20 12:38:47 INFO  .:166 - In Test Scenario Login the method login execution status is :Pass
2022-03-20 12:38:49 INFO  .:166 - In Test Scenario Login the method minimizeFlyOutWindow execution status is :Pass
2022-03-20 12:38:49 INFO  .:76 - The execution of method logout started here ...
2022-03-20 12:38:53 INFO  .:88 - The execution of method logout ended here ...
2022-03-20 12:38:53 INFO  .:166 - In Test Scenario Login the method logout execution status is :Pass
2022-03-20 12:38:54 INFO  .:121 - The execution of method closeApplication started here ...
2022-03-20 12:38:54 INFO  .:124 - The execution of method closeApplication ended here ...
2022-03-20 12:38:54 INFO  .:166 - In Test Scenario Login the method closeApplication execution status is :Pass
2022-03-20 12:38:54 INFO  .:180 - +++++++++++++++++++++++++++++++
2022-03-20 12:38:55 INFO  .:86 - The execution of method navigate started here ...
2022-03-20 12:39:03 INFO  .:98 - The execution of method navigate ended here ...
2022-03-20 12:39:03 INFO  .:166 - In Test Scenario CreateUser the method navigate execution status is :Pass
2022-03-20 12:39:03 INFO  .:32 - The execution of method login started here ...
2022-03-20 12:39:08 INFO  .:50 - The execution of method login ended here ...
2022-03-20 12:39:08 INFO  .:166 - In Test Scenario CreateUser the method login execution status is :Pass
2022-03-20 12:39:10 INFO  .:166 - In Test Scenario CreateUser the method minimizeFlyOutWindow execution status is :Pass
2022-03-20 12:39:10 INFO  .:32 - The execution of method createUser started here ...
2022-03-20 12:39:21 INFO  .:60 - The execution of method createUser ended here ...
2022-03-20 12:39:21 INFO  .:166 - In Test Scenario CreateUser the method createUser execution status is :Pass
2022-03-20 12:39:21 INFO  .:131 - The execution of method deleteUser started here ...
2022-03-20 12:39:30 INFO  .:147 - The execution of method deleteUser ended here ...
2022-03-20 12:39:30 INFO  .:166 - In Test Scenario CreateUser the method deleteUser execution status is :Pass
2022-03-20 12:39:30 INFO  .:76 - The execution of method logout started here ...
2022-03-20 12:39:34 INFO  .:88 - The execution of method logout ended here ...
2022-03-20 12:39:34 INFO  .:166 - In Test Scenario CreateUser the method logout execution status is :Pass
2022-03-20 12:39:34 INFO  .:121 - The execution of method closeApplication started here ...
2022-03-20 12:39:35 INFO  .:124 - The execution of method closeApplication ended here ...
2022-03-20 12:39:35 INFO  .:166 - In Test Scenario CreateUser the method closeApplication execution status is :Pass
2022-03-20 12:39:35 INFO  .:180 - +++++++++++++++++++++++++++++++
2022-03-20 12:39:36 INFO  .:86 - The execution of method navigate started here ...
2022-03-20 12:39:41 INFO  .:98 - The execution of method navigate ended here ...
2022-03-20 12:39:41 INFO  .:166 - In Test Scenario ModifyUser the method navigate execution status is :Pass
2022-03-20 12:39:41 INFO  .:32 - The execution of method login started here ...
2022-03-20 12:39:47 INFO  .:50 - The execution of method login ended here ...
2022-03-20 12:39:47 INFO  .:166 - In Test Scenario ModifyUser the method login execution status is :Pass
2022-03-20 12:39:49 INFO  .:166 - In Test Scenario ModifyUser the method minimizeFlyOutWindow execution status is :Pass
2022-03-20 12:39:49 INFO  .:32 - The execution of method createUser started here ...
2022-03-20 12:39:59 INFO  .:60 - The execution of method createUser ended here ...
2022-03-20 12:39:59 INFO  .:166 - In Test Scenario ModifyUser the method createUser execution status is :Pass
2022-03-20 12:39:59 INFO  .:86 - The execution of method modifyUser started here ...
2022-03-20 12:40:09 INFO  .:106 - The execution of method modifyUser ended here ...
2022-03-20 12:40:09 INFO  .:166 - In Test Scenario ModifyUser the method modifyUser execution status is :Fail
2022-03-20 12:40:09 INFO  .:131 - The execution of method deleteUser started here ...
2022-03-20 12:40:19 INFO  .:147 - The execution of method deleteUser ended here ...
2022-03-20 12:40:19 INFO  .:166 - In Test Scenario ModifyUser the method deleteUser execution status is :Pass
2022-03-20 12:40:19 INFO  .:76 - The execution of method logout started here ...
2022-03-20 12:40:23 INFO  .:88 - The execution of method logout ended here ...
2022-03-20 12:40:23 INFO  .:166 - In Test Scenario ModifyUser the method logout execution status is :Pass
2022-03-20 12:40:23 INFO  .:121 - The execution of method closeApplication started here ...
2022-03-20 12:40:23 INFO  .:124 - The execution of method closeApplication ended here ...
2022-03-20 12:40:23 INFO  .:166 - In Test Scenario ModifyUser the method closeApplication execution status is :Pass
2022-03-20 12:40:23 INFO  .:180 - +++++++++++++++++++++++++++++++
2022-03-20 12:40:23 INFO  .:180 - +++++++++++++++++++++++++++++++
2022-03-20 12:40:23 INFO  .:180 - +++++++++++++++++++++++++++++++
2022-03-20 12:40:23 INFO  .:180 - +++++++++++++++++++++++++++++++
2022-03-20 12:40:23 INFO  .:180 - +++++++++++++++++++++++++++++++
2022-03-20 12:40:23 INFO  .:183 - The execution of method executeTestScenarios ended here ...
2022-03-20 12:40:23 INFO  .:205 - The execution of method endAutomationSuite ended here ...
2022-03-20 12:40:23 INFO  .:208 - The execution of method endAutomationSuite ended here ...
